2016-10-30 15:52:45 [127.0.0.1][-][-][error][yii\db\Exception] PDOException: SQLSTATE[HY000] [1049] Unknown database 'resumeditor' in /home/adit/www/jobportal/vendor/yiisoft/yii2/db/Connection.php:600
Stack trace:
#0 /home/adit/www/jobportal/vendor/yiisoft/yii2/db/Connection.php(600): PDO->__construct('mysql:host=loca...', 'root', 'toor', NULL)
#1 /home/adit/www/jobportal/vendor/yiisoft/yii2/db/Connection.php(542): yii\db\Connection->createPdoInstance()
#2 /home/adit/www/jobportal/vendor/yiisoft/yii2/db/Connection.php(858): yii\db\Connection->open()
#3 /home/adit/www/jobportal/vendor/yiisoft/yii2/db/Connection.php(845): yii\db\Connection->getMasterPdo()
#4 /home/adit/www/jobportal/vendor/yiisoft/yii2/db/Command.php(219): yii\db\Connection->getSlavePdo()
#5 /home/adit/www/jobportal/vendor/yiisoft/yii2/db/Command.php(834): yii\db\Command->prepare(true)
#6 /home/adit/www/jobportal/vendor/yiisoft/yii2/db/Command.php(362): yii\db\Command->queryInternal('fetchAll', NULL)
#7 /home/adit/www/jobportal/vendor/yiisoft/yii2/db/mysql/Schema.php(198): yii\db\Command->queryAll()
#8 /home/adit/www/jobportal/vendor/yiisoft/yii2/db/mysql/Schema.php(97): yii\db\mysql\Schema->findColumns(Object(yii\db\TableSchema))
#9 /home/adit/www/jobportal/vendor/yiisoft/yii2/db/Schema.php(146): yii\db\mysql\Schema->loadTableSchema('career')
#10 /home/adit/www/jobportal/vendor/yiisoft/yii2/db/ActiveRecord.php(296): yii\db\Schema->getTableSchema('career')
#11 /home/adit/www/jobportal/vendor/yiisoft/yii2/db/ActiveRecord.php(330): yii\db\ActiveRecord::getTableSchema()
#12 /home/adit/www/jobportal/vendor/yiisoft/yii2/db/BaseActiveRecord.php(422): yii\db\ActiveRecord->attributes()
#13 /home/adit/www/jobportal/vendor/yiisoft/yii2/db/BaseActiveRecord.php(241): yii\db\BaseActiveRecord->hasAttribute('position')
#14 /home/adit/www/jobportal/vendor/yiisoft/yii2/helpers/BaseHtml.php(2051): yii\db\BaseActiveRecord->__get('position')
#15 /home/adit/www/jobportal/vendor/yiisoft/yii2/helpers/BaseHtml.php(1226): yii\helpers\BaseHtml::getAttributeValue(Object(app\models\CareerSearch), 'position')
#16 /home/adit/www/jobportal/vendor/yiisoft/yii2/helpers/BaseHtml.php(1275): yii\helpers\BaseHtml::activeInput('text', Object(app\models\CareerSearch), 'position', Array)
#17 /home/adit/www/jobportal/vendor/yiisoft/yii2/widgets/ActiveField.php(364): yii\helpers\BaseHtml::activeTextInput(Object(app\models\CareerSearch), 'position', '[<span class="s...')
#18 /home/adit/www/jobportal/views/site/index.php(49): yii\widgets\ActiveField->textInput(Array)
#19 /home/adit/www/jobportal/vendor/yiisoft/yii2/base/View.php(325): require('/home/adit/www/...')
#20 /home/adit/www/jobportal/vendor/yiisoft/yii2/base/View.php(247): yii\base\View->renderPhpFile('/home/adit/www/...', '[<span class="s...')
#21 /home/adit/www/jobportal/vendor/yiisoft/yii2/base/View.php(149): yii\base\View->renderFile('/home/adit/www/...', Array, Object(app\controllers\SiteController))
#22 /home/adit/www/jobportal/vendor/yiisoft/yii2/base/Controller.php(377): yii\base\View->render('index', Array, Object(app\controllers\SiteController))
#23 /home/adit/www/jobportal/controllers/SiteController.php(189): yii\base\Controller->render('index', Array)
#24 [internal function]: app\controllers\SiteController->actionIndex()
#25 /home/adit/www/jobportal/vendor/yiisoft/yii2/base/InlineAction.php(55): call_user_func_array(Array, Array)
#26 /home/adit/www/jobportal/vendor/yiisoft/yii2/base/Controller.php(154): yii\base\InlineAction->runWithParams(Array)
#27 /home/adit/www/jobportal/vendor/yiisoft/yii2/base/Module.php(454): yii\base\Controller->runAction('', Array)
#28 /home/adit/www/jobportal/vendor/yiisoft/yii2/web/Application.php(84): yii\base\Module->runAction('', Array)
#29 /home/adit/www/jobportal/vendor/yiisoft/yii2/base/Application.php(375): yii\web\Application->handleRequest(Object(yii\web\Request))
#30 /home/adit/www/jobportal/index.php(12): yii\base\Application->run()
#31 {main}

Next yii\db\Exception: SQLSTATE[HY000] [1049] Unknown database 'resumeditor' in /home/adit/www/jobportal/vendor/yiisoft/yii2/db/Connection.php:547
Stack trace:
#0 /home/adit/www/jobportal/vendor/yiisoft/yii2/db/Connection.php(858): yii\db\Connection->open()
#1 /home/adit/www/jobportal/vendor/yiisoft/yii2/db/Connection.php(845): yii\db\Connection->getMasterPdo()
#2 /home/adit/www/jobportal/vendor/yiisoft/yii2/db/Command.php(219): yii\db\Connection->getSlavePdo()
#3 /home/adit/www/jobportal/vendor/yiisoft/yii2/db/Command.php(834): yii\db\Command->prepare(true)
#4 /home/adit/www/jobportal/vendor/yiisoft/yii2/db/Command.php(362): yii\db\Command->queryInternal('fetchAll', NULL)
#5 /home/adit/www/jobportal/vendor/yiisoft/yii2/db/mysql/Schema.php(198): yii\db\Command->queryAll()
#6 /home/adit/www/jobportal/vendor/yiisoft/yii2/db/mysql/Schema.php(97): yii\db\mysql\Schema->findColumns(Object(yii\db\TableSchema))
#7 /home/adit/www/jobportal/vendor/yiisoft/yii2/db/Schema.php(146): yii\db\mysql\Schema->loadTableSchema('career')
#8 /home/adit/www/jobportal/vendor/yiisoft/yii2/db/ActiveRecord.php(296): yii\db\Schema->getTableSchema('career')
#9 /home/adit/www/jobportal/vendor/yiisoft/yii2/db/ActiveRecord.php(330): yii\db\ActiveRecord::getTableSchema()
#10 /home/adit/www/jobportal/vendor/yiisoft/yii2/db/BaseActiveRecord.php(422): yii\db\ActiveRecord->attributes()
#11 /home/adit/www/jobportal/vendor/yiisoft/yii2/db/BaseActiveRecord.php(241): yii\db\BaseActiveRecord->hasAttribute('position')
#12 /home/adit/www/jobportal/vendor/yiisoft/yii2/helpers/BaseHtml.php(2051): yii\db\BaseActiveRecord->__get('position')
#13 /home/adit/www/jobportal/vendor/yiisoft/yii2/helpers/BaseHtml.php(1226): yii\helpers\BaseHtml::getAttributeValue(Object(app\models\CareerSearch), 'position')
#14 /home/adit/www/jobportal/vendor/yiisoft/yii2/helpers/BaseHtml.php(1275): yii\helpers\BaseHtml::activeInput('text', Object(app\models\CareerSearch), 'position', Array)
#15 /home/adit/www/jobportal/vendor/yiisoft/yii2/widgets/ActiveField.php(364): yii\helpers\BaseHtml::activeTextInput(Object(app\models\CareerSearch), 'position', '[<span class="s...')
#16 /home/adit/www/jobportal/views/site/index.php(49): yii\widgets\ActiveField->textInput(Array)
#17 /home/adit/www/jobportal/vendor/yiisoft/yii2/base/View.php(325): require('/home/adit/www/...')
#18 /home/adit/www/jobportal/vendor/yiisoft/yii2/base/View.php(247): yii\base\View->renderPhpFile('/home/adit/www/...', '[<span class="s...')
#19 /home/adit/www/jobportal/vendor/yiisoft/yii2/base/View.php(149): yii\base\View->renderFile('/home/adit/www/...', Array, Object(app\controllers\SiteController))
#20 /home/adit/www/jobportal/vendor/yiisoft/yii2/base/Controller.php(377): yii\base\View->render('index', Array, Object(app\controllers\SiteController))
#21 /home/adit/www/jobportal/controllers/SiteController.php(189): yii\base\Controller->render('index', Array)
#22 [internal function]: app\controllers\SiteController->actionIndex()
#23 /home/adit/www/jobportal/vendor/yiisoft/yii2/base/InlineAction.php(55): call_user_func_array(Array, Array)
#24 /home/adit/www/jobportal/vendor/yiisoft/yii2/base/Controller.php(154): yii\base\InlineAction->runWithParams(Array)
#25 /home/adit/www/jobportal/vendor/yiisoft/yii2/base/Module.php(454): yii\base\Controller->runAction('', Array)
#26 /home/adit/www/jobportal/vendor/yiisoft/yii2/web/Application.php(84): yii\base\Module->runAction('', Array)
#27 /home/adit/www/jobportal/vendor/yiisoft/yii2/base/Application.php(375): yii\web\Application->handleRequest(Object(yii\web\Request))
#28 /home/adit/www/jobportal/index.php(12): yii\base\Application->run()
#29 {main}
Additional Information:

2016-10-30 15:52:44 [127.0.0.1][-][-][info][application] $_COOKIE = [
    '_csrf' => 'd3eeed8a84b399c127abfcdcd0ad8d61ffd521069ca47396c1df5df66d6f2be2a:2:{i:0;s:5:\"_csrf\";i:1;s:32:\"S1V2sMUBcBYWsr7s7idD5_p93s5f0hPi\";}'
]

$_SERVER = [
    'HTTP_HOST' => 'localhost'
    'HTTP_CONNECTION' => 'keep-alive'
    'HTTP_UPGRADE_INSECURE_REQUESTS' => '1'
    'HTTP_USER_AGENT' => 'Mozilla/5.0 (X11; Linux x86_64) AppleWebKit/537.36 (KHTML, like Gecko) Chrome/54.0.2840.71 Safari/537.36'
    'HTTP_ACCEPT' => 'text/html,application/xhtml+xml,application/xml;q=0.9,image/webp,*/*;q=0.8'
    'HTTP_ACCEPT_ENCODING' => 'gzip, deflate, sdch, br'
    'HTTP_ACCEPT_LANGUAGE' => 'en-US,en;q=0.8'
    'HTTP_COOKIE' => '_csrf=d3eeed8a84b399c127abfcdcd0ad8d61ffd521069ca47396c1df5df66d6f2be2a%3A2%3A%7Bi%3A0%3Bs%3A5%3A%22_csrf%22%3Bi%3A1%3Bs%3A32%3A%22S1V2sMUBcBYWsr7s7idD5_p93s5f0hPi%22%3B%7D'
    'PATH' => '/usr/local/sbin:/usr/local/bin:/usr/sbin:/usr/bin:/sbin:/bin'
    'SERVER_SIGNATURE' => '<address>Apache/2.4.18 (Ubuntu) Server at localhost Port 80</address>
'
    'SERVER_SOFTWARE' => 'Apache/2.4.18 (Ubuntu)'
    'SERVER_NAME' => 'localhost'
    'SERVER_ADDR' => '127.0.0.1'
    'SERVER_PORT' => '80'
    'REMOTE_ADDR' => '127.0.0.1'
    'DOCUMENT_ROOT' => '/home/adit/www'
    'REQUEST_SCHEME' => 'http'
    'CONTEXT_PREFIX' => ''
    'CONTEXT_DOCUMENT_ROOT' => '/home/adit/www'
    'SERVER_ADMIN' => 'webmaster@localhost'
    'SCRIPT_FILENAME' => '/home/adit/www/jobportal/index.php'
    'REMOTE_PORT' => '37264'
    'GATEWAY_INTERFACE' => 'CGI/1.1'
    'SERVER_PROTOCOL' => 'HTTP/1.1'
    'REQUEST_METHOD' => 'GET'
    'QUERY_STRING' => ''
    'REQUEST_URI' => '/jobportal/'
    'SCRIPT_NAME' => '/jobportal/index.php'
    'PHP_SELF' => '/jobportal/index.php'
    'REQUEST_TIME_FLOAT' => 1477842764.947
    'REQUEST_TIME' => 1477842764
]
2016-10-30 18:39:46 [127.0.0.1][-][frlqnqo3769mg6tlaavpp327q2][error][yii\web\HttpException:404] yii\base\InvalidRouteException: Unable to resolve the request "public/js/angular.min.js.map". in /home/adit/www/jobportal/vendor/yiisoft/yii2/base/Module.php:460
Stack trace:
#0 /home/adit/www/jobportal/vendor/yiisoft/yii2/web/Application.php(84): yii\base\Module->runAction('public/js/angul...', Array)
#1 /home/adit/www/jobportal/vendor/yiisoft/yii2/base/Application.php(375): yii\web\Application->handleRequest(Object(yii\web\Request))
#2 /home/adit/www/jobportal/index.php(12): yii\base\Application->run()
#3 {main}

Next yii\web\NotFoundHttpException: Page not found. in /home/adit/www/jobportal/vendor/yiisoft/yii2/web/Application.php:96
Stack trace:
#0 /home/adit/www/jobportal/vendor/yiisoft/yii2/base/Application.php(375): yii\web\Application->handleRequest(Object(yii\web\Request))
#1 /home/adit/www/jobportal/index.php(12): yii\base\Application->run()
#2 {main}
2016-10-30 18:39:46 [127.0.0.1][-][frlqnqo3769mg6tlaavpp327q2][info][application] $_COOKIE = [
    '_csrf' => '9ee4f88ebe7210808f4f65d04604ceef830758edadc3e5bff50a5049b90b59bba:2:{i:0;s:5:\"_csrf\";i:1;s:32:\"28sD4LXWrLl54x3-bbT-CbKHGjZRTquA\";}'
    'PHPSESSID' => 'frlqnqo3769mg6tlaavpp327q2'
    '_ga' => 'GA1.1.1251090022.1477842867'
    '_gat' => '1'
]

$_SESSION = [
    '__flash' => []
]

$_SERVER = [
    'REDIRECT_STATUS' => '200'
    'HTTP_HOST' => 'localhost'
    'HTTP_CONNECTION' => 'keep-alive'
    'HTTP_USER_AGENT' => 'Mozilla/5.0 (X11; Linux x86_64) AppleWebKit/537.36 (KHTML, like Gecko) Chrome/54.0.2840.71 Safari/537.36'
    'HTTP_ACCEPT_ENCODING' => 'gzip, deflate, sdch, br'
    'HTTP_ACCEPT_LANGUAGE' => 'en-US,en;q=0.8'
    'HTTP_COOKIE' => '_csrf=9ee4f88ebe7210808f4f65d04604ceef830758edadc3e5bff50a5049b90b59bba%3A2%3A%7Bi%3A0%3Bs%3A5%3A%22_csrf%22%3Bi%3A1%3Bs%3A32%3A%2228sD4LXWrLl54x3-bbT-CbKHGjZRTquA%22%3B%7D; PHPSESSID=frlqnqo3769mg6tlaavpp327q2; _ga=GA1.1.1251090022.1477842867; _gat=1'
    'PATH' => '/usr/local/sbin:/usr/local/bin:/usr/sbin:/usr/bin:/sbin:/bin'
    'SERVER_SIGNATURE' => '<address>Apache/2.4.18 (Ubuntu) Server at localhost Port 80</address>
'
    'SERVER_SOFTWARE' => 'Apache/2.4.18 (Ubuntu)'
    'SERVER_NAME' => 'localhost'
    'SERVER_ADDR' => '127.0.0.1'
    'SERVER_PORT' => '80'
    'REMOTE_ADDR' => '127.0.0.1'
    'DOCUMENT_ROOT' => '/home/adit/www'
    'REQUEST_SCHEME' => 'http'
    'CONTEXT_PREFIX' => ''
    'CONTEXT_DOCUMENT_ROOT' => '/home/adit/www'
    'SERVER_ADMIN' => 'webmaster@localhost'
    'SCRIPT_FILENAME' => '/home/adit/www/jobportal/index.php'
    'REMOTE_PORT' => '39954'
    'REDIRECT_URL' => '/jobportal/public/js/angular.min.js.map'
    'GATEWAY_INTERFACE' => 'CGI/1.1'
    'SERVER_PROTOCOL' => 'HTTP/1.1'
    'REQUEST_METHOD' => 'GET'
    'QUERY_STRING' => ''
    'REQUEST_URI' => '/jobportal/public/js/angular.min.js.map'
    'SCRIPT_NAME' => '/jobportal/index.php'
    'PHP_SELF' => '/jobportal/index.php'
    'REQUEST_TIME_FLOAT' => 1477852786.154
    'REQUEST_TIME' => 1477852786
]
2016-10-30 18:50:53 [127.0.0.1][-][frlqnqo3769mg6tlaavpp327q2][error][yii\web\HttpException:404] yii\web\NotFoundHttpException in /home/adit/www/jobportal/vendor/yiisoft/yii2-authclient/AuthAction.php:180
Stack trace:
#0 [internal function]: yii\authclient\AuthAction->run()
#1 /home/adit/www/jobportal/vendor/yiisoft/yii2/base/Action.php(92): call_user_func_array(Array, Array)
#2 /home/adit/www/jobportal/vendor/yiisoft/yii2/base/Controller.php(154): yii\base\Action->runWithParams(Array)
#3 /home/adit/www/jobportal/vendor/yiisoft/yii2/base/Module.php(454): yii\base\Controller->runAction('auth', Array)
#4 /home/adit/www/jobportal/vendor/yiisoft/yii2/web/Application.php(84): yii\base\Module->runAction('site/auth', Array)
#5 /home/adit/www/jobportal/vendor/yiisoft/yii2/base/Application.php(375): yii\web\Application->handleRequest(Object(yii\web\Request))
#6 /home/adit/www/jobportal/index.php(12): yii\base\Application->run()
#7 {main}
2016-10-30 18:50:53 [127.0.0.1][-][frlqnqo3769mg6tlaavpp327q2][info][application] $_COOKIE = [
    '_csrf' => '9ee4f88ebe7210808f4f65d04604ceef830758edadc3e5bff50a5049b90b59bba:2:{i:0;s:5:\"_csrf\";i:1;s:32:\"28sD4LXWrLl54x3-bbT-CbKHGjZRTquA\";}'
    'PHPSESSID' => 'frlqnqo3769mg6tlaavpp327q2'
    '_ga' => 'GA1.1.1251090022.1477842867'
    '_gat' => '1'
]

$_SESSION = [
    '__flash' => []
]

$_SERVER = [
    'REDIRECT_STATUS' => '200'
    'HTTP_HOST' => 'localhost'
    'HTTP_CONNECTION' => 'keep-alive'
    'HTTP_UPGRADE_INSECURE_REQUESTS' => '1'
    'HTTP_USER_AGENT' => 'Mozilla/5.0 (X11; Linux x86_64) AppleWebKit/537.36 (KHTML, like Gecko) Chrome/54.0.2840.71 Safari/537.36'
    'HTTP_ACCEPT' => 'text/html,application/xhtml+xml,application/xml;q=0.9,image/webp,*/*;q=0.8'
    'HTTP_REFERER' => 'http://localhost/jobportal/login'
    'HTTP_ACCEPT_ENCODING' => 'gzip, deflate, sdch, br'
    'HTTP_ACCEPT_LANGUAGE' => 'en-US,en;q=0.8'
    'HTTP_COOKIE' => '_csrf=9ee4f88ebe7210808f4f65d04604ceef830758edadc3e5bff50a5049b90b59bba%3A2%3A%7Bi%3A0%3Bs%3A5%3A%22_csrf%22%3Bi%3A1%3Bs%3A32%3A%2228sD4LXWrLl54x3-bbT-CbKHGjZRTquA%22%3B%7D; PHPSESSID=frlqnqo3769mg6tlaavpp327q2; _ga=GA1.1.1251090022.1477842867; _gat=1'
    'PATH' => '/usr/local/sbin:/usr/local/bin:/usr/sbin:/usr/bin:/sbin:/bin'
    'SERVER_SIGNATURE' => '<address>Apache/2.4.18 (Ubuntu) Server at localhost Port 80</address>
'
    'SERVER_SOFTWARE' => 'Apache/2.4.18 (Ubuntu)'
    'SERVER_NAME' => 'localhost'
    'SERVER_ADDR' => '127.0.0.1'
    'SERVER_PORT' => '80'
    'REMOTE_ADDR' => '127.0.0.1'
    'DOCUMENT_ROOT' => '/home/adit/www'
    'REQUEST_SCHEME' => 'http'
    'CONTEXT_PREFIX' => ''
    'CONTEXT_DOCUMENT_ROOT' => '/home/adit/www'
    'SERVER_ADMIN' => 'webmaster@localhost'
    'SCRIPT_FILENAME' => '/home/adit/www/jobportal/index.php'
    'REMOTE_PORT' => '40170'
    'REDIRECT_URL' => '/jobportal/site/auth'
    'GATEWAY_INTERFACE' => 'CGI/1.1'
    'SERVER_PROTOCOL' => 'HTTP/1.1'
    'REQUEST_METHOD' => 'GET'
    'QUERY_STRING' => ''
    'REQUEST_URI' => '/jobportal/site/auth'
    'SCRIPT_NAME' => '/jobportal/index.php'
    'PHP_SELF' => '/jobportal/index.php'
    'REQUEST_TIME_FLOAT' => 1477853453.049
    'REQUEST_TIME' => 1477853453
]
